This is TeX, Version 3.14159 (Web2C 7.3.1) (format=latex 2001.3.27)  7 JUN 2001 16:00
**using.tex
(using.tex
LaTeX2e <1999/12/01> patch level 1
Babel <v3.6Z> and hyphenation patterns for american, french, german, ngerman, i
talian, portuges, russian, spanish, nohyphenation, loaded.
(/usr/share/texmf/tex/latex/base/article.cls
Document Class: article 1999/09/10 v1.4a Standard LaTeX document class
(/usr/share/texmf/tex/latex/base/size10.clo
File: size10.clo 1999/09/10 v1.4a Standard LaTeX file (size option)
)
\c@part=\count79
\c@section=\count80
\c@subsection=\count81
\c@subsubsection=\count82
\c@paragraph=\count83
\c@subparagraph=\count84
\c@figure=\count85
\c@table=\count86
\abovecaptionskip=\skip41
\belowcaptionskip=\skip42
\bibindent=\dimen102
)
No file using.aux.
\openout1 = `using.aux'.

LaTeX Font Info:    Checking defaults for OML/cmm/m/it on input line 5.
LaTeX Font Info:    ... okay on input line 5.
LaTeX Font Info:    Checking defaults for T1/cmr/m/n on input line 5.
LaTeX Font Info:    ... okay on input line 5.
LaTeX Font Info:    Checking defaults for OT1/cmr/m/n on input line 5.
LaTeX Font Info:    ... okay on input line 5.
LaTeX Font Info:    Checking defaults for OMS/cmsy/m/n on input line 5.
LaTeX Font Info:    ... okay on input line 5.
LaTeX Font Info:    Checking defaults for OMX/cmex/m/n on input line 5.
LaTeX Font Info:    ... okay on input line 5.
LaTeX Font Info:    Checking defaults for U/cmr/m/n on input line 5.
LaTeX Font Info:    ... okay on input line 5.
LaTeX Font Info:    External font `cmex10' loaded for size
(Font)              <12> on input line 6.
LaTeX Font Info:    External font `cmex10' loaded for size
(Font)              <8> on input line 6.
LaTeX Font Info:    External font `cmex10' loaded for size
(Font)              <6> on input line 6.
! Missing $ inserted.
<inserted text> 
                $
l.61 configuration file.  The ffsb_
                                   setup program makes a configuration file
? 
LaTeX Font Info:    External font `cmex10' loaded for size
(Font)              <7> on input line 61.
LaTeX Font Info:    External font `cmex10' loaded for size
(Font)              <5> on input line 61.
! Missing $ inserted.
<inserted text> 
                $
l.68 
     
? 

Underfull \hbox (badness 2478) in paragraph at lines 60--68
\OT1/cmr/m/n/10 The first step in ac-tu-ally run-ning the bench-
 []


Underfull \hbox (badness 2828) in paragraph at lines 60--68
\OT1/cmr/m/n/10 mark is to cre-ate a con-fig-u-ra-tion file. The
 []


Overfull \hbox (611.34622pt too wide) in paragraph at lines 60--68
\OT1/cmr/m/n/10 ffsb$[]\OML/cmm/m/it/10 etupprogrammakesaconfigurationfileforth
ebenchmarkbyinteractivelyqueryingtheuserfortherequiredbenchmarkparameters:There
aretwotypesofvariablesthattheuserneedstospecify \OT1/cmr/m/n/10 :
 []


Underfull \hbox (badness 10000) in paragraph at lines 60--68
\OML/cmm/m/it/10 globalparametersandthread \OMS/cmsy/m/n/10 ^^@
 []


Overfull \hbox (309.09047pt too wide) in paragraph at lines 60--68
\OML/cmm/m/it/10 specificparameters:Globalparametersaffectthebenchmarkasawholea
ndareindependantofthenumberofthreads:Thread \OMS/cmsy/m/n/10 ^^@
 []


Overfull \hbox (181.52718pt too wide) in paragraph at lines 60--68
\OML/cmm/m/it/10 specificparametersallowyoutospecifythefilesystemusagepatternfo
reachthreadspecifically:$ 
 []


Underfull \vbox (badness 3724) has occurred while \output is active []

 [1


]
[2]
Overfull \hbox (6.74794pt too wide) in paragraph at lines 252--252
[]\OT1/cmtt/m/n/10 FS filled to 0% using create/delete ratio 2/1[] 
 []


Overfull \hbox (48.74757pt too wide) in paragraph at lines 252--252
[]\OT1/cmtt/m/n/10 Using 100 initial files ranging from 1024kb to 1024kb[] 
 []

[3]
Overfull \hbox (59.24748pt too wide) in paragraph at lines 252--252
[]\OT1/cmtt/m/n/10 28.6% reads, 28.6% writes, 28.6% creates, 14.3% deletes[] 
 []


Overfull \hbox (6.74794pt too wide) in paragraph at lines 252--252
[]\OT1/cmtt/m/n/10 1 simultaneous threads. 281.0 seconds runtime[] 
 []


Overfull \hbox (11.9979pt too wide) in paragraph at lines 252--252
[]\OT1/cmtt/m/n/10 20.05 writes/sec. for 12762.26 kb written/sec.[] 
 []

[4

] (using.aux) ) 
Here is how much of TeX's memory you used:
 227 strings out of 20863
 2248 string characters out of 196073
 51322 words of memory out of 350001
 3226 multiletter control sequences out of 10000+15000
 8063 words of font info for 29 fonts, out of 400000 for 1000
 26 hyphenation exceptions out of 10000
 23i,7n,19p,161b,301s stack positions out of 3000i,100n,1500p,50000b,4000s

Output written on using.dvi (4 pages, 14468 bytes).
